<?xml version="1.0" encoding="UTF-8"?>
<beans xmlns="http://www.springframework.org/schema/beans"
	xmlns:xsi="http://www.w3.org/2001/XMLSchema-instance"
	xsi:schemaLocation="http://www.springframework.org/schema/beans http://www.springframework.org/schema/beans/spring-beans-3.0.xsd">
		
	<bean id="marshaller" class="org.springframework.oxm.jaxb.Jaxb2Marshaller">		
        <property name="classesToBeBound">
            <list>
                <value>com.pte.liquid.relay.model.Message</value>
                <value>com.pte.liquid.relay.model.MessageHeader</value>
                <value>com.pte.liquid.relay.model.MessagePart</value>                
            </list>
        </property>
    </bean>


	<bean id="gsonBuilder" class="com.google.gson.GsonBuilder"/>


</beans>
